[2023-11-08T17:34:00.712+0100][gc,heap] Heap region size: 1M
[2023-11-08T17:34:00.733+0100][gc     ] Using G1
[2023-11-08T17:34:00.734+0100][gc,heap,coops] Heap address: 0x00000000c0000000, size: 1024 MB, Compressed Oops mode: 32-bit
[2023-11-08T17:34:00.734+0100][gc,cds       ] Mark closed archive regions in map: [0x00000000fff00000, 0x00000000fff6bff8]
[2023-11-08T17:34:00.734+0100][gc,cds       ] Mark open archive regions in map: [0x00000000ffe00000, 0x00000000ffe47ff8]
[2023-11-08T17:34:01.707+0100][gc,start     ] GC(0) Pause Young (Normal) (G1 Evacuation Pause)
[2023-11-08T17:34:01.709+0100][gc,task      ] GC(0) Using 5 workers of 5 for evacuation
[2023-11-08T17:34:01.719+0100][gc,phases    ] GC(0)   Pre Evacuate Collection Set: 0,0ms
[2023-11-08T17:34:01.719+0100][gc,phases    ] GC(0)   Evacuate Collection Set: 8,4ms
[2023-11-08T17:34:01.719+0100][gc,phases    ] GC(0)   Post Evacuate Collection Set: 0,9ms
[2023-11-08T17:34:01.719+0100][gc,phases    ] GC(0)   Other: 2,7ms
[2023-11-08T17:34:01.719+0100][gc,heap      ] GC(0) Eden regions: 51->0(44)
[2023-11-08T17:34:01.719+0100][gc,heap      ] GC(0) Survivor regions: 0->7(7)
[2023-11-08T17:34:01.719+0100][gc,heap      ] GC(0) Old regions: 2->2
[2023-11-08T17:34:01.719+0100][gc,heap      ] GC(0) Humongous regions: 0->0
[2023-11-08T17:34:01.719+0100][gc,metaspace ] GC(0) Metaspace: 14077K(14848K)->14077K(14848K) NonClass: 12348K(12800K)->12348K(12800K) Class: 1729K(2048K)->1729K(2048K)
[2023-11-08T17:34:01.719+0100][gc           ] GC(0) Pause Young (Normal) (G1 Evacuation Pause) 51M->7M(1024M) 12,235ms
[2023-11-08T17:34:01.719+0100][gc,cpu       ] GC(0) User=0,01s Sys=0,01s Real=0,01s
[2023-11-08T17:34:02.711+0100][gc,start     ] GC(1) Pause Young (Concurrent Start) (Metadata GC Threshold)
[2023-11-08T17:34:02.711+0100][gc,task      ] GC(1) Using 5 workers of 5 for evacuation
[2023-11-08T17:34:02.735+0100][gc,mmu       ] GC(1) MMU target violated: 21,0ms (20,0ms/21,0ms)
[2023-11-08T17:34:02.735+0100][gc,phases    ] GC(1)   Pre Evacuate Collection Set: 0,1ms
[2023-11-08T17:34:02.735+0100][gc,phases    ] GC(1)   Evacuate Collection Set: 23,1ms
[2023-11-08T17:34:02.735+0100][gc,phases    ] GC(1)   Post Evacuate Collection Set: 0,6ms
[2023-11-08T17:34:02.735+0100][gc,phases    ] GC(1)   Other: 0,5ms
[2023-11-08T17:34:02.735+0100][gc,heap      ] GC(1) Eden regions: 30->0(49)
[2023-11-08T17:34:02.735+0100][gc,heap      ] GC(1) Survivor regions: 7->2(7)
[2023-11-08T17:34:02.735+0100][gc,heap      ] GC(1) Old regions: 2->9
[2023-11-08T17:34:02.735+0100][gc,heap      ] GC(1) Humongous regions: 0->0
[2023-11-08T17:34:02.735+0100][gc,metaspace ] GC(1) Metaspace: 20458K(21248K)->20458K(21248K) NonClass: 17974K(18432K)->17974K(18432K) Class: 2484K(2816K)->2484K(2816K)
[2023-11-08T17:34:02.735+0100][gc           ] GC(1) Pause Young (Concurrent Start) (Metadata GC Threshold) 37M->8M(1024M) 24,390ms
[2023-11-08T17:34:02.735+0100][gc,cpu       ] GC(1) User=0,03s Sys=0,03s Real=0,03s
[2023-11-08T17:34:02.736+0100][gc           ] GC(2) Concurrent Cycle
[2023-11-08T17:34:02.736+0100][gc,marking   ] GC(2) Concurrent Clear Claimed Marks
[2023-11-08T17:34:02.737+0100][gc,marking   ] GC(2) Concurrent Clear Claimed Marks 0,135ms
[2023-11-08T17:34:02.737+0100][gc,marking   ] GC(2) Concurrent Scan Root Regions
[2023-11-08T17:34:02.742+0100][gc,marking   ] GC(2) Concurrent Scan Root Regions 5,271ms
[2023-11-08T17:34:02.742+0100][gc,marking   ] GC(2) Concurrent Mark (2,039s)
[2023-11-08T17:34:02.742+0100][gc,marking   ] GC(2) Concurrent Mark From Roots
[2023-11-08T17:34:02.742+0100][gc,task      ] GC(2) Using 1 workers of 1 for marking
[2023-11-08T17:34:02.751+0100][gc,marking   ] GC(2) Concurrent Mark From Roots 8,804ms
[2023-11-08T17:34:02.751+0100][gc,marking   ] GC(2) Concurrent Preclean
[2023-11-08T17:34:02.751+0100][gc,marking   ] GC(2) Concurrent Preclean 0,090ms
[2023-11-08T17:34:02.751+0100][gc,marking   ] GC(2) Concurrent Mark (2,039s, 2,048s) 9,050ms
[2023-11-08T17:34:02.753+0100][gc,start     ] GC(2) Pause Remark
[2023-11-08T17:34:02.761+0100][gc,stringtable] GC(2) Cleaned string and symbol table, strings: 5337 processed, 0 removed, symbols: 53102 processed, 46 removed
[2023-11-08T17:34:02.761+0100][gc            ] GC(2) Pause Remark 10M->10M(1024M) 8,815ms
[2023-11-08T17:34:02.762+0100][gc,cpu        ] GC(2) User=0,01s Sys=0,01s Real=0,00s
[2023-11-08T17:34:02.762+0100][gc,marking    ] GC(2) Concurrent Rebuild Remembered Sets
[2023-11-08T17:34:02.765+0100][gc,marking    ] GC(2) Concurrent Rebuild Remembered Sets 3,228ms
[2023-11-08T17:34:02.767+0100][gc,start      ] GC(2) Pause Cleanup
[2023-11-08T17:34:02.768+0100][gc            ] GC(2) Pause Cleanup 10M->10M(1024M) 0,696ms
[2023-11-08T17:34:02.768+0100][gc,cpu        ] GC(2) User=0,00s Sys=0,00s Real=0,00s
[2023-11-08T17:34:02.774+0100][gc,marking    ] GC(2) Concurrent Cleanup for Next Mark
[2023-11-08T17:34:02.795+0100][gc,marking    ] GC(2) Concurrent Cleanup for Next Mark 20,387ms
[2023-11-08T17:34:02.795+0100][gc            ] GC(2) Concurrent Cycle 58,774ms
[2023-11-08T17:34:03.985+0100][gc,start      ] GC(3) Pause Young (Normal) (G1 Evacuation Pause)
[2023-11-08T17:34:03.986+0100][gc,task       ] GC(3) Using 5 workers of 5 for evacuation
[2023-11-08T17:34:03.994+0100][gc,phases     ] GC(3)   Pre Evacuate Collection Set: 0,1ms
[2023-11-08T17:34:03.995+0100][gc,phases     ] GC(3)   Evacuate Collection Set: 7,5ms
[2023-11-08T17:34:03.995+0100][gc,phases     ] GC(3)   Post Evacuate Collection Set: 1,0ms
[2023-11-08T17:34:03.995+0100][gc,phases     ] GC(3)   Other: 1,0ms
[2023-11-08T17:34:03.995+0100][gc,heap       ] GC(3) Eden regions: 49->0(46)
[2023-11-08T17:34:03.995+0100][gc,heap       ] GC(3) Survivor regions: 2->5(7)
[2023-11-08T17:34:03.995+0100][gc,heap       ] GC(3) Old regions: 9->9
[2023-11-08T17:34:03.995+0100][gc,heap       ] GC(3) Humongous regions: 129->129
[2023-11-08T17:34:03.995+0100][gc,metaspace  ] GC(3) Metaspace: 28119K(29312K)->28119K(29312K) NonClass: 24829K(25600K)->24829K(25600K) Class: 3290K(3712K)->3290K(3712K)
[2023-11-08T17:34:03.995+0100][gc            ] GC(3) Pause Young (Normal) (G1 Evacuation Pause) 186M->141M(1024M) 9,715ms
[2023-11-08T17:34:03.995+0100][gc,cpu        ] GC(3) User=0,03s Sys=0,00s Real=0,01s
[2023-11-08T17:34:04.706+0100][gc,start      ] GC(4) Pause Young (Concurrent Start) (Metadata GC Threshold)
[2023-11-08T17:34:04.707+0100][gc,task       ] GC(4) Using 5 workers of 5 for evacuation
[2023-11-08T17:34:04.726+0100][gc,phases     ] GC(4)   Pre Evacuate Collection Set: 0,1ms
[2023-11-08T17:34:04.726+0100][gc,phases     ] GC(4)   Evacuate Collection Set: 15,9ms
[2023-11-08T17:34:04.726+0100][gc,phases     ] GC(4)   Post Evacuate Collection Set: 3,0ms
[2023-11-08T17:34:04.726+0100][gc,phases     ] GC(4)   Other: 0,4ms
[2023-11-08T17:34:04.726+0100][gc,heap       ] GC(4) Eden regions: 34->0(48)
[2023-11-08T17:34:04.726+0100][gc,heap       ] GC(4) Survivor regions: 5->3(7)
[2023-11-08T17:34:04.726+0100][gc,heap       ] GC(4) Old regions: 9->14
[2023-11-08T17:34:04.726+0100][gc,heap       ] GC(4) Humongous regions: 129->129
[2023-11-08T17:34:04.726+0100][gc,metaspace  ] GC(4) Metaspace: 34370K(35840K)->34370K(35840K) NonClass: 30366K(31232K)->30366K(31232K) Class: 4004K(4608K)->4004K(4608K)
[2023-11-08T17:34:04.726+0100][gc            ] GC(4) Pause Young (Concurrent Start) (Metadata GC Threshold) 174M->143M(1024M) 19,520ms
[2023-11-08T17:34:04.726+0100][gc,cpu        ] GC(4) User=0,02s Sys=0,02s Real=0,02s
[2023-11-08T17:34:04.726+0100][gc            ] GC(5) Concurrent Cycle
[2023-11-08T17:34:04.726+0100][gc,marking    ] GC(5) Concurrent Clear Claimed Marks
[2023-11-08T17:34:04.726+0100][gc,marking    ] GC(5) Concurrent Clear Claimed Marks 0,135ms
[2023-11-08T17:34:04.726+0100][gc,marking    ] GC(5) Concurrent Scan Root Regions
[2023-11-08T17:34:04.728+0100][gc,marking    ] GC(5) Concurrent Scan Root Regions 2,099ms
[2023-11-08T17:34:04.729+0100][gc,marking    ] GC(5) Concurrent Mark (4,026s)
[2023-11-08T17:34:04.729+0100][gc,marking    ] GC(5) Concurrent Mark From Roots
[2023-11-08T17:34:04.729+0100][gc,task       ] GC(5) Using 1 workers of 1 for marking
[2023-11-08T17:34:04.779+0100][gc,marking    ] GC(5) Concurrent Mark From Roots 50,456ms
[2023-11-08T17:34:04.779+0100][gc,marking    ] GC(5) Concurrent Preclean
[2023-11-08T17:34:04.779+0100][gc,marking    ] GC(5) Concurrent Preclean 0,112ms
[2023-11-08T17:34:04.779+0100][gc,marking    ] GC(5) Concurrent Mark (4,026s, 4,076s) 50,700ms
[2023-11-08T17:34:04.783+0100][gc,start      ] GC(5) Pause Remark
[2023-11-08T17:34:04.788+0100][gc,stringtable] GC(5) Cleaned string and symbol table, strings: 11150 processed, 11 removed, symbols: 86906 processed, 14 removed
[2023-11-08T17:34:04.789+0100][gc            ] GC(5) Pause Remark 148M->148M(1024M) 5,704ms
[2023-11-08T17:34:04.789+0100][gc,cpu        ] GC(5) User=0,02s Sys=0,01s Real=0,01s
[2023-11-08T17:34:04.789+0100][gc,marking    ] GC(5) Concurrent Rebuild Remembered Sets
[2023-11-08T17:34:04.805+0100][gc,marking    ] GC(5) Concurrent Rebuild Remembered Sets 15,766ms
[2023-11-08T17:34:04.806+0100][gc,start      ] GC(5) Pause Cleanup
[2023-11-08T17:34:04.808+0100][gc            ] GC(5) Pause Cleanup 149M->149M(1024M) 1,665ms
[2023-11-08T17:34:04.808+0100][gc,cpu        ] GC(5) User=0,00s Sys=0,00s Real=0,01s
[2023-11-08T17:34:04.810+0100][gc,marking    ] GC(5) Concurrent Cleanup for Next Mark
[2023-11-08T17:34:04.922+0100][gc,marking    ] GC(5) Concurrent Cleanup for Next Mark 112,049ms
[2023-11-08T17:34:04.922+0100][gc            ] GC(5) Concurrent Cycle 196,183ms
[2023-11-08T17:39:59.417+0100][gc,start      ] GC(6) Pause Young (Concurrent Start) (G1 Evacuation Pause)
[2023-11-08T17:39:59.417+0100][gc,task       ] GC(6) Using 5 workers of 5 for evacuation
[2023-11-08T17:39:59.424+0100][gc,phases     ] GC(6)   Pre Evacuate Collection Set: 0,3ms
[2023-11-08T17:39:59.424+0100][gc,phases     ] GC(6)   Evacuate Collection Set: 4,2ms
[2023-11-08T17:39:59.424+0100][gc,phases     ] GC(6)   Post Evacuate Collection Set: 2,0ms
[2023-11-08T17:39:59.424+0100][gc,phases     ] GC(6)   Other: 2,7ms
[2023-11-08T17:39:59.424+0100][gc,heap       ] GC(6) Eden regions: 48->0(45)
[2023-11-08T17:39:59.424+0100][gc,heap       ] GC(6) Survivor regions: 3->6(7)
[2023-11-08T17:39:59.424+0100][gc,heap       ] GC(6) Old regions: 14->14
[2023-11-08T17:39:59.424+0100][gc,heap       ] GC(6) Humongous regions: 129->129
[2023-11-08T17:39:59.424+0100][gc,metaspace  ] GC(6) Metaspace: 41429K(44108K)->41429K(44108K) NonClass: 36157K(37580K)->36157K(37580K) Class: 5272K(6528K)->5272K(6528K)
[2023-11-08T17:39:59.424+0100][gc            ] GC(6) Pause Young (Concurrent Start) (G1 Evacuation Pause) 191M->146M(1024M) 7,435ms
[2023-11-08T17:39:59.424+0100][gc,cpu        ] GC(6) User=0,01s Sys=0,00s Real=0,00s
[2023-11-08T17:39:59.424+0100][gc            ] GC(7) Concurrent Cycle
[2023-11-08T17:39:59.424+0100][gc,marking    ] GC(7) Concurrent Clear Claimed Marks
[2023-11-08T17:39:59.425+0100][gc,marking    ] GC(7) Concurrent Clear Claimed Marks 0,164ms
[2023-11-08T17:39:59.425+0100][gc,marking    ] GC(7) Concurrent Scan Root Regions
[2023-11-08T17:39:59.431+0100][gc,marking    ] GC(7) Concurrent Scan Root Regions 6,042ms
[2023-11-08T17:39:59.431+0100][gc,marking    ] GC(7) Concurrent Mark (358,728s)
[2023-11-08T17:39:59.431+0100][gc,marking    ] GC(7) Concurrent Mark From Roots
[2023-11-08T17:39:59.431+0100][gc,task       ] GC(7) Using 1 workers of 1 for marking
[2023-11-08T17:39:59.444+0100][gc,marking    ] GC(7) Concurrent Mark From Roots 12,838ms
[2023-11-08T17:39:59.444+0100][gc,marking    ] GC(7) Concurrent Preclean
[2023-11-08T17:39:59.444+0100][gc,marking    ] GC(7) Concurrent Preclean 0,103ms
[2023-11-08T17:39:59.444+0100][gc,marking    ] GC(7) Concurrent Mark (358,728s, 358,741s) 13,077ms
[2023-11-08T17:39:59.446+0100][gc,start      ] GC(7) Pause Remark
[2023-11-08T17:39:59.452+0100][gc,stringtable] GC(7) Cleaned string and symbol table, strings: 12122 processed, 10 removed, symbols: 94150 processed, 3 removed
[2023-11-08T17:39:59.456+0100][gc            ] GC(7) Pause Remark 147M->147M(1024M) 9,976ms
[2023-11-08T17:39:59.457+0100][gc,cpu        ] GC(7) User=0,01s Sys=0,01s Real=0,01s
[2023-11-08T17:39:59.457+0100][gc,marking    ] GC(7) Concurrent Rebuild Remembered Sets
[2023-11-08T17:39:59.466+0100][gc,marking    ] GC(7) Concurrent Rebuild Remembered Sets 8,523ms
[2023-11-08T17:39:59.466+0100][gc,start      ] GC(7) Pause Cleanup
[2023-11-08T17:39:59.467+0100][gc            ] GC(7) Pause Cleanup 147M->147M(1024M) 0,448ms
[2023-11-08T17:39:59.467+0100][gc,cpu        ] GC(7) User=0,00s Sys=0,00s Real=0,00s
[2023-11-08T17:39:59.467+0100][gc,marking    ] GC(7) Concurrent Cleanup for Next Mark
[2023-11-08T17:39:59.470+0100][gc,marking    ] GC(7) Concurrent Cleanup for Next Mark 3,026ms
[2023-11-08T17:39:59.471+0100][gc            ] GC(7) Concurrent Cycle 46,187ms
[2023-11-08T17:45:59.939+0100][gc,start      ] GC(8) Pause Young (Normal) (G1 Evacuation Pause)
[2023-11-08T17:45:59.939+0100][gc,task       ] GC(8) Using 5 workers of 5 for evacuation
[2023-11-08T17:45:59.971+0100][gc,mmu        ] GC(8) MMU target violated: 21,0ms (20,0ms/21,0ms)
[2023-11-08T17:45:59.971+0100][gc,phases     ] GC(8)   Pre Evacuate Collection Set: 0,2ms
[2023-11-08T17:45:59.971+0100][gc,phases     ] GC(8)   Evacuate Collection Set: 27,7ms
[2023-11-08T17:45:59.971+0100][gc,phases     ] GC(8)   Post Evacuate Collection Set: 4,2ms
[2023-11-08T17:45:59.971+0100][gc,phases     ] GC(8)   Other: 0,3ms
[2023-11-08T17:45:59.971+0100][gc,heap       ] GC(8) Eden regions: 45->0(48)
[2023-11-08T17:45:59.971+0100][gc,heap       ] GC(8) Survivor regions: 6->3(7)
[2023-11-08T17:45:59.971+0100][gc,heap       ] GC(8) Old regions: 14->16
[2023-11-08T17:45:59.971+0100][gc,heap       ] GC(8) Humongous regions: 129->129
[2023-11-08T17:45:59.971+0100][gc,metaspace  ] GC(8) Metaspace: 41582K(44108K)->41582K(44108K) NonClass: 36299K(37580K)->36299K(37580K) Class: 5283K(6528K)->5283K(6528K)
[2023-11-08T17:45:59.971+0100][gc            ] GC(8) Pause Young (Normal) (G1 Evacuation Pause) 191M->146M(1024M) 32,386ms
[2023-11-08T17:45:59.971+0100][gc,cpu        ] GC(8) User=0,05s Sys=0,00s Real=0,03s
[2023-11-08T17:53:23.817+0100][gc,start      ] GC(9) Pause Young (Normal) (G1 Evacuation Pause)
[2023-11-08T17:53:23.817+0100][gc,task       ] GC(9) Using 5 workers of 5 for evacuation
[2023-11-08T17:53:23.822+0100][gc,phases     ] GC(9)   Pre Evacuate Collection Set: 0,2ms
[2023-11-08T17:53:23.822+0100][gc,phases     ] GC(9)   Evacuate Collection Set: 2,3ms
[2023-11-08T17:53:23.822+0100][gc,phases     ] GC(9)   Post Evacuate Collection Set: 1,8ms
[2023-11-08T17:53:23.822+0100][gc,phases     ] GC(9)   Other: 0,7ms
[2023-11-08T17:53:23.822+0100][gc,heap       ] GC(9) Eden regions: 48->0(47)
[2023-11-08T17:53:23.822+0100][gc,heap       ] GC(9) Survivor regions: 3->4(7)
[2023-11-08T17:53:23.822+0100][gc,heap       ] GC(9) Old regions: 16->16
[2023-11-08T17:53:23.822+0100][gc,heap       ] GC(9) Humongous regions: 129->129
[2023-11-08T17:53:23.822+0100][gc,metaspace  ] GC(9) Metaspace: 41791K(44364K)->41791K(44364K) NonClass: 36508K(37836K)->36508K(37836K) Class: 5283K(6528K)->5283K(6528K)
[2023-11-08T17:53:23.822+0100][gc            ] GC(9) Pause Young (Normal) (G1 Evacuation Pause) 194M->146M(1024M) 5,213ms
[2023-11-08T17:53:23.822+0100][gc,cpu        ] GC(9) User=0,00s Sys=0,01s Real=0,00s
[2023-11-08T18:10:38.269+0100][gc,start      ] GC(10) Pause Young (Normal) (G1 Evacuation Pause)
[2023-11-08T18:10:38.269+0100][gc,task       ] GC(10) Using 5 workers of 5 for evacuation
[2023-11-08T18:10:38.275+0100][gc,phases     ] GC(10)   Pre Evacuate Collection Set: 0,1ms
[2023-11-08T18:10:38.275+0100][gc,phases     ] GC(10)   Evacuate Collection Set: 2,3ms
[2023-11-08T18:10:38.275+0100][gc,phases     ] GC(10)   Post Evacuate Collection Set: 2,8ms
[2023-11-08T18:10:38.275+0100][gc,phases     ] GC(10)   Other: 0,4ms
[2023-11-08T18:10:38.275+0100][gc,heap       ] GC(10) Eden regions: 47->0(47)
[2023-11-08T18:10:38.275+0100][gc,heap       ] GC(10) Survivor regions: 4->4(7)
[2023-11-08T18:10:38.275+0100][gc,heap       ] GC(10) Old regions: 16->16
[2023-11-08T18:10:38.275+0100][gc,heap       ] GC(10) Humongous regions: 129->129
[2023-11-08T18:10:38.275+0100][gc,metaspace  ] GC(10) Metaspace: 42157K(44876K)->42157K(44876K) NonClass: 36874K(38348K)->36874K(38348K) Class: 5283K(6528K)->5283K(6528K)
[2023-11-08T18:10:38.275+0100][gc            ] GC(10) Pause Young (Normal) (G1 Evacuation Pause) 193M->146M(1024M) 5,905ms
[2023-11-08T18:10:38.275+0100][gc,cpu        ] GC(10) User=0,01s Sys=0,00s Real=0,01s
[2023-11-08T18:28:47.259+0100][gc,start      ] GC(11) Pause Young (Normal) (G1 Evacuation Pause)
[2023-11-08T18:28:47.259+0100][gc,task       ] GC(11) Using 5 workers of 5 for evacuation
[2023-11-08T18:28:47.266+0100][gc,phases     ] GC(11)   Pre Evacuate Collection Set: 0,2ms
[2023-11-08T18:28:47.267+0100][gc,phases     ] GC(11)   Evacuate Collection Set: 4,7ms
[2023-11-08T18:28:47.267+0100][gc,phases     ] GC(11)   Post Evacuate Collection Set: 2,3ms
[2023-11-08T18:28:47.267+0100][gc,phases     ] GC(11)   Other: 0,3ms
[2023-11-08T18:28:47.267+0100][gc,heap       ] GC(11) Eden regions: 47->0(47)
[2023-11-08T18:28:47.267+0100][gc,heap       ] GC(11) Survivor regions: 4->4(7)
[2023-11-08T18:28:47.267+0100][gc,heap       ] GC(11) Old regions: 16->16
[2023-11-08T18:28:47.267+0100][gc,heap       ] GC(11) Humongous regions: 129->129
[2023-11-08T18:28:47.267+0100][gc,metaspace  ] GC(11) Metaspace: 42377K(45132K)->42377K(45132K) NonClass: 37094K(38604K)->37094K(38604K) Class: 5283K(6528K)->5283K(6528K)
[2023-11-08T18:28:47.267+0100][gc            ] GC(11) Pause Young (Normal) (G1 Evacuation Pause) 193M->146M(1024M) 7,780ms
[2023-11-08T18:28:47.267+0100][gc,cpu        ] GC(11) User=0,02s Sys=0,00s Real=0,01s
[2023-11-08T18:44:36.758+0100][gc,start      ] GC(12) Pause Young (Normal) (G1 Evacuation Pause)
[2023-11-08T18:44:36.759+0100][gc,task       ] GC(12) Using 5 workers of 5 for evacuation
[2023-11-08T18:44:36.783+0100][gc,mmu        ] GC(12) MMU target violated: 21,0ms (20,0ms/21,0ms)
[2023-11-08T18:44:36.783+0100][gc,phases     ] GC(12)   Pre Evacuate Collection Set: 0,2ms
[2023-11-08T18:44:36.783+0100][gc,phases     ] GC(12)   Evacuate Collection Set: 5,9ms
[2023-11-08T18:44:36.783+0100][gc,phases     ] GC(12)   Post Evacuate Collection Set: 18,3ms
[2023-11-08T18:44:36.783+0100][gc,phases     ] GC(12)   Other: 0,5ms
[2023-11-08T18:44:36.783+0100][gc,heap       ] GC(12) Eden regions: 47->0(47)
[2023-11-08T18:44:36.783+0100][gc,heap       ] GC(12) Survivor regions: 4->4(7)
[2023-11-08T18:44:36.783+0100][gc,heap       ] GC(12) Old regions: 16->16
[2023-11-08T18:44:36.783+0100][gc,heap       ] GC(12) Humongous regions: 129->129
[2023-11-08T18:44:36.783+0100][gc,metaspace  ] GC(12) Metaspace: 42535K(45132K)->42535K(45132K) NonClass: 37245K(38604K)->37245K(38604K) Class: 5289K(6528K)->5289K(6528K)
[2023-11-08T18:44:36.783+0100][gc            ] GC(12) Pause Young (Normal) (G1 Evacuation Pause) 193M->147M(1024M) 24,943ms
[2023-11-08T18:44:36.783+0100][gc,cpu        ] GC(12) User=0,03s Sys=0,01s Real=0,02s
[2023-11-08T19:01:23.269+0100][gc,start      ] GC(13) Pause Young (Normal) (G1 Evacuation Pause)
[2023-11-08T19:01:23.269+0100][gc,task       ] GC(13) Using 5 workers of 5 for evacuation
[2023-11-08T19:01:23.274+0100][gc,phases     ] GC(13)   Pre Evacuate Collection Set: 0,2ms
[2023-11-08T19:01:23.274+0100][gc,phases     ] GC(13)   Evacuate Collection Set: 3,9ms
[2023-11-08T19:01:23.275+0100][gc,phases     ] GC(13)   Post Evacuate Collection Set: 1,3ms
[2023-11-08T19:01:23.275+0100][gc,phases     ] GC(13)   Other: 0,4ms
[2023-11-08T19:01:23.275+0100][gc,heap       ] GC(13) Eden regions: 47->0(50)
[2023-11-08T19:01:23.275+0100][gc,heap       ] GC(13) Survivor regions: 4->3(7)
[2023-11-08T19:01:23.275+0100][gc,heap       ] GC(13) Old regions: 16->18
[2023-11-08T19:01:23.275+0100][gc,heap       ] GC(13) Humongous regions: 129->129
[2023-11-08T19:01:23.275+0100][gc,metaspace  ] GC(13) Metaspace: 42643K(45388K)->42643K(45388K) NonClass: 37353K(38860K)->37353K(38860K) Class: 5289K(6528K)->5289K(6528K)
[2023-11-08T19:01:23.275+0100][gc            ] GC(13) Pause Young (Normal) (G1 Evacuation Pause) 194M->147M(1024M) 5,949ms
[2023-11-08T19:01:23.275+0100][gc,cpu        ] GC(13) User=0,01s Sys=0,01s Real=0,01s
[2023-11-08T19:21:04.404+0100][gc,start      ] GC(14) Pause Young (Normal) (G1 Evacuation Pause)
[2023-11-08T19:21:04.404+0100][gc,task       ] GC(14) Using 5 workers of 5 for evacuation
[2023-11-08T19:21:04.415+0100][gc,phases     ] GC(14)   Pre Evacuate Collection Set: 0,1ms
[2023-11-08T19:21:04.415+0100][gc,phases     ] GC(14)   Evacuate Collection Set: 3,4ms
[2023-11-08T19:21:04.415+0100][gc,phases     ] GC(14)   Post Evacuate Collection Set: 4,9ms
[2023-11-08T19:21:04.415+0100][gc,phases     ] GC(14)   Other: 3,0ms
[2023-11-08T19:21:04.415+0100][gc,heap       ] GC(14) Eden regions: 50->0(58)
[2023-11-08T19:21:04.415+0100][gc,heap       ] GC(14) Survivor regions: 3->5(7)
[2023-11-08T19:21:04.415+0100][gc,heap       ] GC(14) Old regions: 18->18
[2023-11-08T19:21:04.415+0100][gc,heap       ] GC(14) Humongous regions: 129->129
[2023-11-08T19:21:04.415+0100][gc,metaspace  ] GC(14) Metaspace: 42682K(45388K)->42682K(45388K) NonClass: 37393K(38860K)->37393K(38860K) Class: 5289K(6528K)->5289K(6528K)
[2023-11-08T19:21:04.415+0100][gc            ] GC(14) Pause Young (Normal) (G1 Evacuation Pause) 197M->148M(1024M) 11,679ms
[2023-11-08T19:21:04.415+0100][gc,cpu        ] GC(14) User=0,01s Sys=0,02s Real=0,02s
[2023-11-08T19:43:13.269+0100][gc,start      ] GC(15) Pause Young (Normal) (G1 Evacuation Pause)
[2023-11-08T19:43:13.269+0100][gc,task       ] GC(15) Using 5 workers of 5 for evacuation
[2023-11-08T19:43:13.274+0100][gc,phases     ] GC(15)   Pre Evacuate Collection Set: 0,1ms
[2023-11-08T19:43:13.274+0100][gc,phases     ] GC(15)   Evacuate Collection Set: 2,7ms
[2023-11-08T19:43:13.274+0100][gc,phases     ] GC(15)   Post Evacuate Collection Set: 1,8ms
[2023-11-08T19:43:13.274+0100][gc,phases     ] GC(15)   Other: 0,3ms
[2023-11-08T19:43:13.274+0100][gc,heap       ] GC(15) Eden regions: 58->0(610)
[2023-11-08T19:43:13.274+0100][gc,heap       ] GC(15) Survivor regions: 5->4(8)
[2023-11-08T19:43:13.274+0100][gc,heap       ] GC(15) Old regions: 18->18
[2023-11-08T19:43:13.274+0100][gc,heap       ] GC(15) Humongous regions: 129->129
[2023-11-08T19:43:13.274+0100][gc,metaspace  ] GC(15) Metaspace: 42740K(45388K)->42740K(45388K) NonClass: 37450K(38860K)->37450K(38860K) Class: 5289K(6528K)->5289K(6528K)
[2023-11-08T19:43:13.274+0100][gc            ] GC(15) Pause Young (Normal) (G1 Evacuation Pause) 206M->148M(1024M) 5,209ms
[2023-11-08T19:43:13.274+0100][gc,cpu        ] GC(15) User=0,01s Sys=0,01s Real=0,01s
