[2023-11-04 18:00:04,205] INFO [GroupCoordinator 0]: Dynamic member with unknown member id joins group drones in Empty state. Created a new member id rdkafka-5cec5f8c-8220-4139-8591-943ee38d1d94 and request the member to rejoin with this id. (kafka.coordinator.group.GroupCoordinator)
[2023-11-04 18:00:04,221] INFO [GroupCoordinator 0]: Preparing to rebalance group drones in state PreparingRebalance with old generation 28 (__consumer_offsets-45) (reason: Adding new member rdkafka-5cec5f8c-8220-4139-8591-943ee38d1d94 with group instance id None; client reason: not provided) (kafka.coordinator.group.GroupCoordinator)
[2023-11-04 18:00:04,223] INFO [GroupCoordinator 0]: Stabilized group drones generation 29 (__consumer_offsets-45) with 1 members (kafka.coordinator.group.GroupCoordinator)
[2023-11-04 18:00:04,227] INFO [GroupCoordinator 0]: Assignment received from leader rdkafka-5cec5f8c-8220-4139-8591-943ee38d1d94 for group drones for generation 29. The group has 1 members, 0 of which are static. (kafka.coordinator.group.GroupCoordinator)
[2023-11-04 18:00:04,269] INFO [GroupCoordinator 0]: Preparing to rebalance group drones in state PreparingRebalance with old generation 29 (__consumer_offsets-45) (reason: Removing member rdkafka-5cec5f8c-8220-4139-8591-943ee38d1d94 on LeaveGroup; client reason: not provided) (kafka.coordinator.group.GroupCoordinator)
[2023-11-04 18:00:04,270] INFO [GroupCoordinator 0]: Group drones with generation 30 is now empty (__consumer_offsets-45) (kafka.coordinator.group.GroupCoordinator)
[2023-11-04 18:00:04,272] INFO [GroupCoordinator 0]: Member MemberMetadata(memberId=rdkafka-5cec5f8c-8220-4139-8591-943ee38d1d94, groupInstanceId=None, clientId=rdkafka, clientHost=/127.0.0.1, sessionTimeoutMs=45000, rebalanceTimeoutMs=300000, supportedProtocols=List(range, roundrobin)) has left group drones through explicit `LeaveGroup`; client reason: not provided (kafka.coordinator.group.GroupCoordinator)
[2023-11-04 18:00:13,360] INFO [GroupCoordinator 0]: Dynamic member with unknown member id joins group drones in Empty state. Created a new member id rdkafka-b9367872-831f-4362-a2f7-47f5bc31b32f and request the member to rejoin with this id. (kafka.coordinator.group.GroupCoordinator)
[2023-11-04 18:00:13,364] INFO [GroupCoordinator 0]: Preparing to rebalance group drones in state PreparingRebalance with old generation 30 (__consumer_offsets-45) (reason: Adding new member rdkafka-b9367872-831f-4362-a2f7-47f5bc31b32f with group instance id None; client reason: not provided) (kafka.coordinator.group.GroupCoordinator)
[2023-11-04 18:00:13,366] INFO [GroupCoordinator 0]: Stabilized group drones generation 31 (__consumer_offsets-45) with 1 members (kafka.coordinator.group.GroupCoordinator)
[2023-11-04 18:00:13,383] INFO [GroupCoordinator 0]: Assignment received from leader rdkafka-b9367872-831f-4362-a2f7-47f5bc31b32f for group drones for generation 31. The group has 1 members, 0 of which are static. (kafka.coordinator.group.GroupCoordinator)
[2023-11-04 18:00:13,412] INFO [GroupCoordinator 0]: Preparing to rebalance group drones in state PreparingRebalance with old generation 31 (__consumer_offsets-45) (reason: Removing member rdkafka-b9367872-831f-4362-a2f7-47f5bc31b32f on LeaveGroup; client reason: not provided) (kafka.coordinator.group.GroupCoordinator)
[2023-11-04 18:00:13,412] INFO [GroupCoordinator 0]: Group drones with generation 32 is now empty (__consumer_offsets-45) (kafka.coordinator.group.GroupCoordinator)
[2023-11-04 18:00:13,413] INFO [GroupCoordinator 0]: Member MemberMetadata(memberId=rdkafka-b9367872-831f-4362-a2f7-47f5bc31b32f, groupInstanceId=None, clientId=rdkafka, clientHost=/127.0.0.1, sessionTimeoutMs=45000, rebalanceTimeoutMs=300000, supportedProtocols=List(range, roundrobin)) has left group drones through explicit `LeaveGroup`; client reason: not provided (kafka.coordinator.group.GroupCoordinator)
[2023-11-04 18:00:56,381] INFO [GroupCoordinator 0]: Dynamic member with unknown member id joins group drones in Empty state. Created a new member id rdkafka-2bc9b121-72f6-41e9-8ae9-92808630078a and request the member to rejoin with this id. (kafka.coordinator.group.GroupCoordinator)
[2023-11-04 18:00:56,390] INFO [GroupCoordinator 0]: Preparing to rebalance group drones in state PreparingRebalance with old generation 32 (__consumer_offsets-45) (reason: Adding new member rdkafka-2bc9b121-72f6-41e9-8ae9-92808630078a with group instance id None; client reason: not provided) (kafka.coordinator.group.GroupCoordinator)
[2023-11-04 18:00:56,391] INFO [GroupCoordinator 0]: Stabilized group drones generation 33 (__consumer_offsets-45) with 1 members (kafka.coordinator.group.GroupCoordinator)
[2023-11-04 18:00:56,403] INFO [GroupCoordinator 0]: Assignment received from leader rdkafka-2bc9b121-72f6-41e9-8ae9-92808630078a for group drones for generation 33. The group has 1 members, 0 of which are static. (kafka.coordinator.group.GroupCoordinator)
[2023-11-04 18:00:56,429] INFO [GroupCoordinator 0]: Preparing to rebalance group drones in state PreparingRebalance with old generation 33 (__consumer_offsets-45) (reason: Removing member rdkafka-2bc9b121-72f6-41e9-8ae9-92808630078a on LeaveGroup; client reason: not provided) (kafka.coordinator.group.GroupCoordinator)
[2023-11-04 18:00:56,429] INFO [GroupCoordinator 0]: Group drones with generation 34 is now empty (__consumer_offsets-45) (kafka.coordinator.group.GroupCoordinator)
[2023-11-04 18:00:56,431] INFO [GroupCoordinator 0]: Member MemberMetadata(memberId=rdkafka-2bc9b121-72f6-41e9-8ae9-92808630078a, groupInstanceId=None, clientId=rdkafka, clientHost=/127.0.0.1, sessionTimeoutMs=45000, rebalanceTimeoutMs=300000, supportedProtocols=List(range, roundrobin)) has left group drones through explicit `LeaveGroup`; client reason: not provided (kafka.coordinator.group.GroupCoordinator)
[2023-11-04 18:01:12,146] INFO [GroupCoordinator 0]: Dynamic member with unknown member id joins group drones in Empty state. Created a new member id rdkafka-45edeb15-ad5e-464b-8ef8-4cba3918b187 and request the member to rejoin with this id. (kafka.coordinator.group.GroupCoordinator)
[2023-11-04 18:01:12,149] INFO [GroupCoordinator 0]: Preparing to rebalance group drones in state PreparingRebalance with old generation 34 (__consumer_offsets-45) (reason: Adding new member rdkafka-45edeb15-ad5e-464b-8ef8-4cba3918b187 with group instance id None; client reason: not provided) (kafka.coordinator.group.GroupCoordinator)
[2023-11-04 18:01:12,151] INFO [GroupCoordinator 0]: Stabilized group drones generation 35 (__consumer_offsets-45) with 1 members (kafka.coordinator.group.GroupCoordinator)
[2023-11-04 18:01:12,159] INFO [GroupCoordinator 0]: Assignment received from leader rdkafka-45edeb15-ad5e-464b-8ef8-4cba3918b187 for group drones for generation 35. The group has 1 members, 0 of which are static. (kafka.coordinator.group.GroupCoordinator)
[2023-11-04 18:01:12,199] INFO [GroupCoordinator 0]: Preparing to rebalance group drones in state PreparingRebalance with old generation 35 (__consumer_offsets-45) (reason: Removing member rdkafka-45edeb15-ad5e-464b-8ef8-4cba3918b187 on LeaveGroup; client reason: not provided) (kafka.coordinator.group.GroupCoordinator)
[2023-11-04 18:01:12,199] INFO [GroupCoordinator 0]: Group drones with generation 36 is now empty (__consumer_offsets-45) (kafka.coordinator.group.GroupCoordinator)
[2023-11-04 18:01:12,212] INFO [GroupCoordinator 0]: Member MemberMetadata(memberId=rdkafka-45edeb15-ad5e-464b-8ef8-4cba3918b187, groupInstanceId=None, clientId=rdkafka, clientHost=/127.0.0.1, sessionTimeoutMs=45000, rebalanceTimeoutMs=300000, supportedProtocols=List(range, roundrobin)) has left group drones through explicit `LeaveGroup`; client reason: not provided (kafka.coordinator.group.GroupCoordinator)
[2023-11-04 18:01:35,923] INFO [GroupCoordinator 0]: Dynamic member with unknown member id joins group drones in Empty state. Created a new member id rdkafka-0ba08a62-b53c-48fb-a422-38d76cac885a and request the member to rejoin with this id. (kafka.coordinator.group.GroupCoordinator)
[2023-11-04 18:01:35,933] INFO [GroupCoordinator 0]: Preparing to rebalance group drones in state PreparingRebalance with old generation 36 (__consumer_offsets-45) (reason: Adding new member rdkafka-0ba08a62-b53c-48fb-a422-38d76cac885a with group instance id None; client reason: not provided) (kafka.coordinator.group.GroupCoordinator)
[2023-11-04 18:01:35,940] INFO [GroupCoordinator 0]: Stabilized group drones generation 37 (__consumer_offsets-45) with 1 members (kafka.coordinator.group.GroupCoordinator)
[2023-11-04 18:01:35,946] INFO [GroupCoordinator 0]: Assignment received from leader rdkafka-0ba08a62-b53c-48fb-a422-38d76cac885a for group drones for generation 37. The group has 1 members, 0 of which are static. (kafka.coordinator.group.GroupCoordinator)
[2023-11-04 18:01:35,978] INFO [GroupCoordinator 0]: Preparing to rebalance group drones in state PreparingRebalance with old generation 37 (__consumer_offsets-45) (reason: Removing member rdkafka-0ba08a62-b53c-48fb-a422-38d76cac885a on LeaveGroup; client reason: not provided) (kafka.coordinator.group.GroupCoordinator)
[2023-11-04 18:01:35,978] INFO [GroupCoordinator 0]: Group drones with generation 38 is now empty (__consumer_offsets-45) (kafka.coordinator.group.GroupCoordinator)
[2023-11-04 18:01:35,981] INFO [GroupCoordinator 0]: Member MemberMetadata(memberId=rdkafka-0ba08a62-b53c-48fb-a422-38d76cac885a, groupInstanceId=None, clientId=rdkafka, clientHost=/127.0.0.1, sessionTimeoutMs=45000, rebalanceTimeoutMs=300000, supportedProtocols=List(range, roundrobin)) has left group drones through explicit `LeaveGroup`; client reason: not provided (kafka.coordinator.group.GroupCoordinator)
[2023-11-04 18:01:58,428] INFO [GroupCoordinator 0]: Dynamic member with unknown member id joins group drones in Empty state. Created a new member id rdkafka-626f0095-b896-4f57-a33a-63b1d4d5d677 and request the member to rejoin with this id. (kafka.coordinator.group.GroupCoordinator)
[2023-11-04 18:01:58,433] INFO [GroupCoordinator 0]: Preparing to rebalance group drones in state PreparingRebalance with old generation 38 (__consumer_offsets-45) (reason: Adding new member rdkafka-626f0095-b896-4f57-a33a-63b1d4d5d677 with group instance id None; client reason: not provided) (kafka.coordinator.group.GroupCoordinator)
[2023-11-04 18:01:58,434] INFO [GroupCoordinator 0]: Stabilized group drones generation 39 (__consumer_offsets-45) with 1 members (kafka.coordinator.group.GroupCoordinator)
[2023-11-04 18:01:58,438] INFO [GroupCoordinator 0]: Assignment received from leader rdkafka-626f0095-b896-4f57-a33a-63b1d4d5d677 for group drones for generation 39. The group has 1 members, 0 of which are static. (kafka.coordinator.group.GroupCoordinator)
[2023-11-04 18:01:58,461] INFO [GroupCoordinator 0]: Preparing to rebalance group drones in state PreparingRebalance with old generation 39 (__consumer_offsets-45) (reason: Removing member rdkafka-626f0095-b896-4f57-a33a-63b1d4d5d677 on LeaveGroup; client reason: not provided) (kafka.coordinator.group.GroupCoordinator)
[2023-11-04 18:01:58,461] INFO [GroupCoordinator 0]: Group drones with generation 40 is now empty (__consumer_offsets-45) (kafka.coordinator.group.GroupCoordinator)
[2023-11-04 18:01:58,461] INFO [GroupCoordinator 0]: Member MemberMetadata(memberId=rdkafka-626f0095-b896-4f57-a33a-63b1d4d5d677, groupInstanceId=None, clientId=rdkafka, clientHost=/127.0.0.1, sessionTimeoutMs=45000, rebalanceTimeoutMs=300000, supportedProtocols=List(range, roundrobin)) has left group drones through explicit `LeaveGroup`; client reason: not provided (kafka.coordinator.group.GroupCoordinator)
[2023-11-04 18:02:10,204] INFO [GroupCoordinator 0]: Dynamic member with unknown member id joins group drones in Empty state. Created a new member id rdkafka-3626b5a8-14f7-478b-913f-7fb6a72ed5e5 and request the member to rejoin with this id. (kafka.coordinator.group.GroupCoordinator)
[2023-11-04 18:02:10,205] INFO [GroupCoordinator 0]: Preparing to rebalance group drones in state PreparingRebalance with old generation 40 (__consumer_offsets-45) (reason: Adding new member rdkafka-3626b5a8-14f7-478b-913f-7fb6a72ed5e5 with group instance id None; client reason: not provided) (kafka.coordinator.group.GroupCoordinator)
[2023-11-04 18:02:10,206] INFO [GroupCoordinator 0]: Stabilized group drones generation 41 (__consumer_offsets-45) with 1 members (kafka.coordinator.group.GroupCoordinator)
[2023-11-04 18:02:10,211] INFO [GroupCoordinator 0]: Assignment received from leader rdkafka-3626b5a8-14f7-478b-913f-7fb6a72ed5e5 for group drones for generation 41. The group has 1 members, 0 of which are static. (kafka.coordinator.group.GroupCoordinator)
[2023-11-04 18:02:10,246] INFO [GroupCoordinator 0]: Preparing to rebalance group drones in state PreparingRebalance with old generation 41 (__consumer_offsets-45) (reason: Removing member rdkafka-3626b5a8-14f7-478b-913f-7fb6a72ed5e5 on LeaveGroup; client reason: not provided) (kafka.coordinator.group.GroupCoordinator)
[2023-11-04 18:02:10,246] INFO [GroupCoordinator 0]: Group drones with generation 42 is now empty (__consumer_offsets-45) (kafka.coordinator.group.GroupCoordinator)
[2023-11-04 18:02:10,247] INFO [GroupCoordinator 0]: Member MemberMetadata(memberId=rdkafka-3626b5a8-14f7-478b-913f-7fb6a72ed5e5, groupInstanceId=None, clientId=rdkafka, clientHost=/127.0.0.1, sessionTimeoutMs=45000, rebalanceTimeoutMs=300000, supportedProtocols=List(range, roundrobin)) has left group drones through explicit `LeaveGroup`; client reason: not provided (kafka.coordinator.group.GroupCoordinator)
