[2023-11-09 01:08:37,845] INFO [Controller id=0 epoch=1] Sending UpdateMetadata request to brokers HashSet(0) for 0 partitions (state.change.logger)
[2023-11-09 01:08:47,359] INFO [Controller id=0 epoch=1] Changed partition destinos_a_drones_topic-0 state from NonExistentPartition to NewPartition with assigned replicas 0 (state.change.logger)
[2023-11-09 01:08:47,360] INFO [Controller id=0 epoch=1] Sending UpdateMetadata request to brokers HashSet() for 0 partitions (state.change.logger)
[2023-11-09 01:08:47,363] INFO [Controller id=0 epoch=1] Sending UpdateMetadata request to brokers HashSet() for 0 partitions (state.change.logger)
[2023-11-09 01:08:47,434] INFO [Controller id=0 epoch=1] Changed partition destinos_a_drones_topic-0 from NewPartition to OnlinePartition with state LeaderAndIsr(leader=0, leaderEpoch=0, isrWithBrokerEpoch=List(BrokerState(brokerId=0, brokerEpoch=-1)), leaderRecoveryState=RECOVERED, partitionEpoch=0) (state.change.logger)
[2023-11-09 01:08:47,438] INFO [Controller id=0 epoch=1] Sending LeaderAndIsr request to broker 0 with 1 become-leader and 0 become-follower partitions (state.change.logger)
[2023-11-09 01:08:47,440] INFO [Controller id=0 epoch=1] Sending UpdateMetadata request to brokers HashSet(0) for 1 partitions (state.change.logger)
[2023-11-09 01:08:47,441] INFO [Controller id=0 epoch=1] Sending UpdateMetadata request to brokers HashSet() for 0 partitions (state.change.logger)
[2023-11-09 01:08:47,445] INFO [Broker id=0] Handling LeaderAndIsr request correlationId 1 from controller 0 for 1 partitions (state.change.logger)
[2023-11-09 01:08:47,466] INFO [Broker id=0] Stopped fetchers as part of LeaderAndIsr request correlationId 1 from controller 0 epoch 1 as part of the become-leader transition for 1 partitions (state.change.logger)
[2023-11-09 01:08:47,545] INFO [Broker id=0] Leader destinos_a_drones_topic-0 with topic id Some(q5_3gK2wTrOs8RhkUltqIg) starts at leader epoch 0 from offset 0 with partition epoch 0, high watermark 0, ISR [0], adding replicas [] and removing replicas [] . Previous leader None and previous leader epoch was -1. (state.change.logger)
[2023-11-09 01:08:47,577] INFO [Broker id=0] Finished LeaderAndIsr request in 132ms correlationId 1 from controller 0 for 1 partitions (state.change.logger)
[2023-11-09 01:08:47,590] INFO [Broker id=0] Add 1 partitions and deleted 0 partitions from metadata cache in response to UpdateMetadata request sent by controller 0 epoch 1 with correlation id 2 (state.change.logger)
[2023-11-09 01:08:54,611] INFO [Controller id=0 epoch=1] Changed partition mapa_a_drones_topic-0 state from NonExistentPartition to NewPartition with assigned replicas 0 (state.change.logger)
[2023-11-09 01:08:54,611] INFO [Controller id=0 epoch=1] Sending UpdateMetadata request to brokers HashSet() for 0 partitions (state.change.logger)
[2023-11-09 01:08:54,611] INFO [Controller id=0 epoch=1] Sending UpdateMetadata request to brokers HashSet() for 0 partitions (state.change.logger)
[2023-11-09 01:08:54,659] INFO [Controller id=0 epoch=1] Changed partition mapa_a_drones_topic-0 from NewPartition to OnlinePartition with state LeaderAndIsr(leader=0, leaderEpoch=0, isrWithBrokerEpoch=List(BrokerState(brokerId=0, brokerEpoch=-1)), leaderRecoveryState=RECOVERED, partitionEpoch=0) (state.change.logger)
[2023-11-09 01:08:54,660] INFO [Controller id=0 epoch=1] Sending LeaderAndIsr request to broker 0 with 1 become-leader and 0 become-follower partitions (state.change.logger)
[2023-11-09 01:08:54,662] INFO [Controller id=0 epoch=1] Sending UpdateMetadata request to brokers HashSet(0) for 1 partitions (state.change.logger)
[2023-11-09 01:08:54,663] INFO [Controller id=0 epoch=1] Sending UpdateMetadata request to brokers HashSet() for 0 partitions (state.change.logger)
[2023-11-09 01:08:54,663] INFO [Broker id=0] Handling LeaderAndIsr request correlationId 3 from controller 0 for 1 partitions (state.change.logger)
[2023-11-09 01:08:54,665] INFO [Broker id=0] Stopped fetchers as part of LeaderAndIsr request correlationId 3 from controller 0 epoch 1 as part of the become-leader transition for 1 partitions (state.change.logger)
[2023-11-09 01:08:54,683] INFO [Broker id=0] Leader mapa_a_drones_topic-0 with topic id Some(tShakOALR7qIF74ItN94ZA) starts at leader epoch 0 from offset 0 with partition epoch 0, high watermark 0, ISR [0], adding replicas [] and removing replicas [] . Previous leader None and previous leader epoch was -1. (state.change.logger)
[2023-11-09 01:08:54,692] INFO [Broker id=0] Finished LeaderAndIsr request in 29ms correlationId 3 from controller 0 for 1 partitions (state.change.logger)
[2023-11-09 01:08:54,695] INFO [Broker id=0] Add 1 partitions and deleted 0 partitions from metadata cache in response to UpdateMetadata request sent by controller 0 epoch 1 with correlation id 4 (state.change.logger)
[2023-11-09 01:08:54,856] INFO [Controller id=0 epoch=1] Changed partition posicion_a_engine_topic-0 state from NonExistentPartition to NewPartition with assigned replicas 0 (state.change.logger)
[2023-11-09 01:08:54,857] INFO [Controller id=0 epoch=1] Sending UpdateMetadata request to brokers HashSet() for 0 partitions (state.change.logger)
[2023-11-09 01:08:54,857] INFO [Controller id=0 epoch=1] Sending UpdateMetadata request to brokers HashSet() for 0 partitions (state.change.logger)
[2023-11-09 01:08:54,911] INFO [Controller id=0 epoch=1] Changed partition posicion_a_engine_topic-0 from NewPartition to OnlinePartition with state LeaderAndIsr(leader=0, leaderEpoch=0, isrWithBrokerEpoch=List(BrokerState(brokerId=0, brokerEpoch=-1)), leaderRecoveryState=RECOVERED, partitionEpoch=0) (state.change.logger)
[2023-11-09 01:08:54,912] INFO [Controller id=0 epoch=1] Sending LeaderAndIsr request to broker 0 with 1 become-leader and 0 become-follower partitions (state.change.logger)
[2023-11-09 01:08:54,912] INFO [Controller id=0 epoch=1] Sending UpdateMetadata request to brokers HashSet(0) for 1 partitions (state.change.logger)
[2023-11-09 01:08:54,913] INFO [Controller id=0 epoch=1] Sending UpdateMetadata request to brokers HashSet() for 0 partitions (state.change.logger)
[2023-11-09 01:08:54,913] INFO [Broker id=0] Handling LeaderAndIsr request correlationId 5 from controller 0 for 1 partitions (state.change.logger)
[2023-11-09 01:08:54,915] INFO [Broker id=0] Stopped fetchers as part of LeaderAndIsr request correlationId 5 from controller 0 epoch 1 as part of the become-leader transition for 1 partitions (state.change.logger)
[2023-11-09 01:08:54,930] INFO [Broker id=0] Leader posicion_a_engine_topic-0 with topic id Some(TBuUG0E-T-aW-TnRei3eCQ) starts at leader epoch 0 from offset 0 with partition epoch 0, high watermark 0, ISR [0], adding replicas [] and removing replicas [] . Previous leader None and previous leader epoch was -1. (state.change.logger)
[2023-11-09 01:08:54,941] INFO [Broker id=0] Finished LeaderAndIsr request in 28ms correlationId 5 from controller 0 for 1 partitions (state.change.logger)
[2023-11-09 01:08:54,945] INFO [Broker id=0] Add 1 partitions and deleted 0 partitions from metadata cache in response to UpdateMetadata request sent by controller 0 epoch 1 with correlation id 6 (state.change.logger)
